<?xml version="1.0" encoding="UTF-8"?>
<!-- Generated by org.testng.reporters.JUnitXMLReporter -->
<testsuite ignored="0" hostname="BOOK-DA60ANED4E" failures="0" tests="3" name="Default test" time="19.513" errors="0" timestamp="2023-12-29T10:59:54 CST">
  <testcase classname="com.tutorialsninja.tests.SearchProductPageTest" name="verifySearchWithValidProduct" time="0.57"/>
  <testcase classname="com.tutorialsninja.tests.SearchProductPageTest" name="verifySearchWithInvalidProduct" time="0.536"/>
  <testcase classname="com.tutorialsninja.tests.SearchProductPageTest" name="verifySearchWithNoProduct" time="0.469"/>
</testsuite> <!-- Default test -->
