<?xml version="1.0" encoding="UTF-8"?>
<testng-results ignored="0" total="3" passed="3" failed="0" skipped="0">
  <reporter-output>
  </reporter-output>
  <suite started-at="2023-12-29T10:59:35 CST" name="Default suite" finished-at="2023-12-29T10:59:54 CST" duration-ms="19513">
    <groups>
    </groups>
    <test started-at="2023-12-29T10:59:35 CST" name="Default test" finished-at="2023-12-29T10:59:54 CST" duration-ms="19513">
      <class name="com.tutorialsninja.tests.SearchProductPageTest">
        <test-method is-config="true" signature="registerSetup()[pri:0, instance:com.tutorialsninja.tests.SearchProductPageTest@73e22a3d]" started-at="2023-12-29T10:59:35 CST" name="registerSetup" finished-at="2023-12-29T10:59:41 CST" duration-ms="6630" status="PASS">
          <reporter-output>
          </reporter-output>
        </test-method> <!-- registerSetup -->
        <test-method signature="verifySearchWithValidProduct()[pri:1, instance:com.tutorialsninja.tests.SearchProductPageTest@73e22a3d]" started-at="2023-12-29T10:59:41 CST" name="verifySearchWithValidProduct" finished-at="2023-12-29T10:59:42 CST" duration-ms="570" status="PASS">
          <reporter-output>
          </reporter-output>
        </test-method> <!-- verifySearchWithValidProduct -->
        <test-method is-config="true" signature="tearDown()[pri:0, instance:com.tutorialsninja.tests.SearchProductPageTest@73e22a3d]" started-at="2023-12-29T10:59:42 CST" name="tearDown" finished-at="2023-12-29T10:59:42 CST" duration-ms="100" status="PASS">
          <reporter-output>
          </reporter-output>
        </test-method> <!-- tearDown -->
        <test-method is-config="true" signature="registerSetup()[pri:0, instance:com.tutorialsninja.tests.SearchProductPageTest@73e22a3d]" started-at="2023-12-29T10:59:42 CST" name="registerSetup" finished-at="2023-12-29T10:59:48 CST" duration-ms="5705" status="PASS">
          <reporter-output>
          </reporter-output>
        </test-method> <!-- registerSetup -->
        <test-method signature="verifySearchWithInvalidProduct()[pri:2, instance:com.tutorialsninja.tests.SearchProductPageTest@73e22a3d]" started-at="2023-12-29T10:59:48 CST" name="verifySearchWithInvalidProduct" finished-at="2023-12-29T10:59:48 CST" duration-ms="536" status="PASS">
          <reporter-output>
          </reporter-output>
        </test-method> <!-- verifySearchWithInvalidProduct -->
        <test-method is-config="true" signature="tearDown()[pri:0, instance:com.tutorialsninja.tests.SearchProductPageTest@73e22a3d]" started-at="2023-12-29T10:59:48 CST" name="tearDown" finished-at="2023-12-29T10:59:48 CST" duration-ms="104" status="PASS">
          <reporter-output>
          </reporter-output>
        </test-method> <!-- tearDown -->
        <test-method is-config="true" signature="registerSetup()[pri:0, instance:com.tutorialsninja.tests.SearchProductPageTest@73e22a3d]" started-at="2023-12-29T10:59:48 CST" name="registerSetup" finished-at="2023-12-29T10:59:54 CST" duration-ms="5297" status="PASS">
          <reporter-output>
          </reporter-output>
        </test-method> <!-- registerSetup -->
        <test-method signature="verifySearchWithNoProduct()[pri:3, instance:com.tutorialsninja.tests.SearchProductPageTest@73e22a3d]" started-at="2023-12-29T10:59:54 CST" name="verifySearchWithNoProduct" finished-at="2023-12-29T10:59:54 CST" duration-ms="469" status="PASS">
          <reporter-output>
          </reporter-output>
        </test-method> <!-- verifySearchWithNoProduct -->
        <test-method is-config="true" signature="tearDown()[pri:0, instance:com.tutorialsninja.tests.SearchProductPageTest@73e22a3d]" started-at="2023-12-29T10:59:54 CST" name="tearDown" finished-at="2023-12-29T10:59:54 CST" duration-ms="71" status="PASS">
          <reporter-output>
          </reporter-output>
        </test-method> <!-- tearDown -->
      </class> <!-- com.tutorialsninja.tests.SearchProductPageTest -->
    </test> <!-- Default test -->
  </suite> <!-- Default suite -->
</testng-results>
